<?xml version="1.0" encoding="UTF-8"?>
<!-- Generated by org.testng.reporters.JUnitReportReporter -->
<testsuite hostname="Gunjan-PC" name="testcase.FlightReservation" tests="7" failures="0" timestamp="4 Jan 2016 16:10:10 GMT" time="22.055" errors="0">
  <testcase name="searchFlightTest" time="1.860" classname="testcase.FlightReservation"/>
  <testcase name="validateSelectedFlight" time="2.837" classname="testcase.FlightReservation"/>
  <testcase name="sortedPrice" time="1.410" classname="testcase.FlightReservation"/>
  <testcase name="searchForFlightReservation" time="3.992" classname="testcase.FlightReservation"/>
  <testcase name="bookFlight" time="3.590" classname="testcase.FlightReservation"/>
  <testcase name="test" time="5.396" classname="testcase.FlightReservation"/>
  <testcase name="test" time="2.970" classname="testcase.FlightReservation"/>
</testsuite> <!-- testcase.FlightReservation -->
